{
  "RSpec": {
    "coverage": {
      "/Users/rschumann/projects/vizzuality/gfwc/config/environment.rb": [
        null,
        1,
        null,
        null,
        1
      ],
      "/Users/rschumann/projects/vizzuality/gfwc/config/application.rb": [
        1,
        null,
        1,
        1,
        1,
        1,
        1,
        null,
        null,
        null,
        1,
        null,
        1,
        1,
        null,
        1,
        null,
        1,
        1,
        1,
        1,
        1,
        1,
        1,
        1,
        1,
        null,
        null,
        null,
        null
      ],
      "/Users/rschumann/projects/vizzuality/gfwc/config/boot.rb": [
        1,
        null,
        1
      ],
      "/Users/rschumann/projects/vizzuality/gfwc/config/environments/test.rb": [
        1,
        null,
        null,
        null,
        null,
        null,
        null,
        1,
        null,
        null,
        null,
        null,
        1,
        null,
        null,
        1,
        1,
        null,
        null,
        1,
        1,
        null,
        null,
        1,
        null,
        null,
        1,
        null,
        null,
        null,
        null,
        1,
        null,
        null,
        1,
        null,
        null,
        1,
        null,
        null,
        null,
        null
      ],
      "/Users/rschumann/projects/vizzuality/gfwc/config/initializers/assets.rb": [
        null,
        null,
        null,
        1,
        null,
        null,
        null,
        null,
        null,
        null,
        null
      ],
      "/Users/rschumann/projects/vizzuality/gfwc/config/initializers/backtrace_silencers.rb": [
        null,
        null,
        null,
        null,
        null,
        null,
        null
      ],
      "/Users/rschumann/projects/vizzuality/gfwc/config/initializers/cookies_serializer.rb": [
        null,
        null,
        1
      ],
      "/Users/rschumann/projects/vizzuality/gfwc/config/initializers/filter_parameter_logging.rb": [
        null,
        null,
        null,
        1
      ],
      "/Users/rschumann/projects/vizzuality/gfwc/config/initializers/inflections.rb": [
        null,
        null,
        null,
        null,
        null,
        null,
        null,
        null,
        null,
        null,
        null,
        null,
        null,
        null,
        null,
        null
      ],
      "/Users/rschumann/projects/vizzuality/gfwc/config/initializers/mime_types.rb": [
        null,
        null,
        null,
        null
      ],
      "/Users/rschumann/projects/vizzuality/gfwc/config/initializers/redis.rb": [
        1
      ],
      "/Users/rschumann/projects/vizzuality/gfwc/config/initializers/session_store.rb": [
        null,
        null,
        1
      ],
      "/Users/rschumann/projects/vizzuality/gfwc/config/initializers/wrap_parameters.rb": [
        null,
        null,
        null,
        null,
        null,
        null,
        1,
        1,
        null,
        null,
        null,
        null,
        null,
        null
      ],
      "/Users/rschumann/projects/vizzuality/gfwc/config/routes.rb": [
        1,
        null,
        null,
        1,
        1,
        null,
        null,
        1,
        1,
        null,
        1,
        1,
        null,
        null,
        1,
        null,
        null
      ],
      "/Users/rschumann/projects/vizzuality/gfwc/app/helpers/application_helper.rb": [
        1,
        null
      ],
      "/Users/rschumann/projects/vizzuality/gfwc/app/controllers/access_controller.rb": [
        1,
        null,
        1,
        null,
        1,
        null,
        1,
        2,
        2,
        null,
        null,
        1,
        1,
        10,
        10,
        null,
        null,
        1,
        10,
        null,
        null,
        1,
        0,
        null,
        null,
        null
      ],
      "/Users/rschumann/projects/vizzuality/gfwc/app/controllers/application_controller.rb": [
        1,
        null,
        1,
        null,
        1,
        null,
        1,
        1,
        12,
        null,
        null,
        null
      ],
      "/Users/rschumann/projects/vizzuality/gfwc/app/controllers/countries_controller.rb": [
        1,
        null,
        1,
        1,
        null,
        null,
        1,
        1,
        null,
        null,
        null
      ],
      "/Users/rschumann/projects/vizzuality/gfwc/app/controllers/home_controller.rb": [
        1,
        null,
        1,
        null,
        null,
        null
      ],
      "/Users/rschumann/projects/vizzuality/gfwc/app/controllers/static_controller.rb": [
        1,
        null,
        1,
        null,
        1,
        null,
        null,
        1,
        2,
        null,
        null,
        1,
        null,
        null,
        null
      ],
      "/Users/rschumann/projects/vizzuality/gfwc/app/models/country.rb": [
        1,
        null,
        1,
        1,
        1,
        null,
        1,
        null,
        1,
        2,
        null,
        null,
        1,
        2,
        2,
        0,
        0,
        null,
        null,
        null,
        1,
        1,
        null,
        null,
        1,
        1,
        null,
        null,
        1,
        1,
        1,
        null,
        0,
        null,
        null,
        null,
        1,
        1,
        1,
        null,
        0,
        0,
        null,
        null,
        null,
        null,
        1,
        1,
        1,
        1,
        0,
        null,
        null,
        null,
        null,
        1,
        1,
        1,
        1,
        0,
        null,
        null,
        null,
        null,
        null,
        null,
        null
      ]
    },
    "timestamp": 1437991991
  }
}
